<?xml version="1.0" ?>
<!DOCTYPE coverage SYSTEM "http://cobertura.sourceforge.net/xml/coverage-04.dtd">
<coverage lines-valid="39" lines-covered="39" line-rate="1" branches-valid="11" branches-covered="11" branch-rate="1" timestamp="1654717521943" complexity="0" version="0.1">
  <sources>
    <source>/Users/jshreve/Documents/GitHub/MeetupDemo/player-service</source>
  </sources>
  <packages>
    <package name="api" line-rate="1" branch-rate="1">
      <classes>
        <class name="get.ts" filename="api/get.ts" line-rate="1" branch-rate="1">
          <methods>
            <method name="(anonymous_0)" hits="3" signature="()V">
              <lines>
                <line number="3" hits="3"/>
              </lines>
            </method>
          </methods>
          <lines>
            <line number="1" hits="1" branch="false"/>
            <line number="3" hits="1" branch="false"/>
            <line number="4" hits="3" branch="true" condition-coverage="100% (1/1)"/>
            <line number="5" hits="2" branch="true" condition-coverage="100% (1/1)"/>
            <line number="6" hits="1" branch="false"/>
          </lines>
        </class>
        <class name="post.ts" filename="api/post.ts" line-rate="1" branch-rate="1">
          <methods>
            <method name="(anonymous_0)" hits="5" signature="()V">
              <lines>
                <line number="3" hits="5"/>
              </lines>
            </method>
          </methods>
          <lines>
            <line number="1" hits="1" branch="false"/>
            <line number="3" hits="1" branch="false"/>
            <line number="4" hits="5" branch="true" condition-coverage="100% (1/1)"/>
            <line number="5" hits="4" branch="false"/>
            <line number="6" hits="4" branch="true" condition-coverage="100% (1/1)"/>
            <line number="7" hits="3" branch="true" condition-coverage="100% (1/1)"/>
            <line number="8" hits="2" branch="true" condition-coverage="100% (1/1)"/>
            <line number="9" hits="1" branch="false"/>
          </lines>
        </class>
      </classes>
    </package>
    <package name="src" line-rate="1" branch-rate="1">
      <classes>
        <class name="dynamodb.ts" filename="src/dynamodb.ts" line-rate="1" branch-rate="1">
          <methods>
          </methods>
          <lines>
            <line number="1" hits="3" branch="false"/>
            <line number="2" hits="3" branch="false"/>
            <line number="4" hits="3" branch="false"/>
            <line number="7" hits="3" branch="true" condition-coverage="100% (1/1)"/>
            <line number="8" hits="3" branch="false"/>
            <line number="10" hits="3" branch="false"/>
            <line number="12" hits="3" branch="false"/>
            <line number="14" hits="3" branch="false"/>
          </lines>
        </class>
        <class name="players.ts" filename="src/players.ts" line-rate="1" branch-rate="1">
          <methods>
            <method name="(anonymous_1)" hits="1" signature="()V">
              <lines>
                <line number="24" hits="1"/>
              </lines>
            </method>
            <method name="(anonymous_2)" hits="2" signature="()V">
              <lines>
                <line number="39" hits="2"/>
              </lines>
            </method>
            <method name="(anonymous_3)" hits="1" signature="()V">
              <lines>
                <line number="54" hits="1"/>
              </lines>
            </method>
          </methods>
          <lines>
            <line number="1" hits="3" branch="false"/>
            <line number="2" hits="3" branch="false"/>
            <line number="3" hits="3" branch="false"/>
            <line number="5" hits="3" branch="false"/>
            <line number="8" hits="3" branch="false"/>
            <line number="24" hits="3" branch="false"/>
            <line number="25" hits="1" branch="false"/>
            <line number="30" hits="1" branch="false"/>
            <line number="34" hits="1" branch="false"/>
            <line number="35" hits="1" branch="false"/>
            <line number="36" hits="1" branch="false"/>
            <line number="39" hits="3" branch="false"/>
            <line number="40" hits="2" branch="false"/>
            <line number="51" hits="2" branch="false"/>
            <line number="52" hits="2" branch="false"/>
            <line number="53" hits="2" branch="true" condition-coverage="100% (4/4)"/>
            <line number="54" hits="1" branch="false"/>
            <line number="55" hits="1" branch="false"/>
          </lines>
        </class>
      </classes>
    </package>
  </packages>
</coverage>
