{"/Users/jshreve/Documents/GitHub/MeetupDemo/player-service/lambdas/get.ts": {"path":"/Users/jshreve/Documents/GitHub/MeetupDemo/player-service/lambdas/get.ts","statementMap":{"0":{"start":{"line":1,"column":0},"end":{"line":1,"column":36}},"1":{"start":{"line":3,"column":23},"end":{"line":7,"column":1}},"2":{"start":{"line":4,"column":2},"end":{"line":4,"column":null}},"3":{"start":{"line":4,"column":36},"end":{"line":4,"column":null}},"4":{"start":{"line":5,"column":2},"end":{"line":5,"column":null}},"5":{"start":{"line":5,"column":43},"end":{"line":5,"column":null}},"6":{"start":{"line":6,"column":2},"end":{"line":6,"column":null}},"7":{"start":{"line":3,"column":13},"end":{"line":3,"column":23}}},"fnMap":{"0":{"name":"(anonymous_0)","decl":{"start":{"line":3,"column":23},"end":{"line":3,"column":28}},"loc":{"start":{"line":3,"column":44},"end":{"line":7,"column":1}}}},"branchMap":{"0":{"loc":{"start":{"line":4,"column":2},"end":{"line":4,"column":null}},"type":"if","locations":[{"start":{"line":4,"column":2},"end":{"line":4,"column":null}}]},"1":{"loc":{"start":{"line":5,"column":2},"end":{"line":5,"column":null}},"type":"if","locations":[{"start":{"line":5,"column":2},"end":{"line":5,"column":null}}]}},"s":{"0":1,"1":1,"2":3,"3":1,"4":2,"5":1,"6":1,"7":1},"f":{"0":3},"b":{"0":[1],"1":[1]}}
,"/Users/jshreve/Documents/GitHub/MeetupDemo/player-service/lambdas/post.ts": {"path":"/Users/jshreve/Documents/GitHub/MeetupDemo/player-service/lambdas/post.ts","statementMap":{"0":{"start":{"line":1,"column":0},"end":{"line":1,"column":39}},"1":{"start":{"line":3,"column":23},"end":{"line":10,"column":1}},"2":{"start":{"line":4,"column":2},"end":{"line":4,"column":null}},"3":{"start":{"line":4,"column":19},"end":{"line":4,"column":null}},"4":{"start":{"line":5,"column":15},"end":{"line":5,"column":37}},"5":{"start":{"line":6,"column":2},"end":{"line":6,"column":null}},"6":{"start":{"line":6,"column":16},"end":{"line":6,"column":null}},"7":{"start":{"line":7,"column":2},"end":{"line":7,"column":null}},"8":{"start":{"line":7,"column":20},"end":{"line":7,"column":null}},"9":{"start":{"line":8,"column":2},"end":{"line":8,"column":null}},"10":{"start":{"line":8,"column":22},"end":{"line":8,"column":null}},"11":{"start":{"line":9,"column":2},"end":{"line":9,"column":null}},"12":{"start":{"line":3,"column":13},"end":{"line":3,"column":23}}},"fnMap":{"0":{"name":"(anonymous_0)","decl":{"start":{"line":3,"column":23},"end":{"line":3,"column":28}},"loc":{"start":{"line":3,"column":44},"end":{"line":10,"column":1}}}},"branchMap":{"0":{"loc":{"start":{"line":4,"column":2},"end":{"line":4,"column":null}},"type":"if","locations":[{"start":{"line":4,"column":2},"end":{"line":4,"column":null}}]},"1":{"loc":{"start":{"line":6,"column":2},"end":{"line":6,"column":null}},"type":"if","locations":[{"start":{"line":6,"column":2},"end":{"line":6,"column":null}}]},"2":{"loc":{"start":{"line":7,"column":2},"end":{"line":7,"column":null}},"type":"if","locations":[{"start":{"line":7,"column":2},"end":{"line":7,"column":null}}]},"3":{"loc":{"start":{"line":8,"column":2},"end":{"line":8,"column":null}},"type":"if","locations":[{"start":{"line":8,"column":2},"end":{"line":8,"column":null}}]}},"s":{"0":1,"1":1,"2":5,"3":1,"4":4,"5":4,"6":1,"7":3,"8":1,"9":2,"10":1,"11":1,"12":1},"f":{"0":5},"b":{"0":[1],"1":[1],"2":[1],"3":[1]}}
,"/Users/jshreve/Documents/GitHub/MeetupDemo/player-service/src/dynamodb.ts": {"path":"/Users/jshreve/Documents/GitHub/MeetupDemo/player-service/src/dynamodb.ts","statementMap":{"0":{"start":{"line":1,"column":0},"end":{"line":1,"column":79}},"1":{"start":{"line":2,"column":0},"end":{"line":2,"column":62}},"2":{"start":{"line":4,"column":35},"end":{"line":6,"column":null}},"3":{"start":{"line":7,"column":0},"end":{"line":9,"column":null}},"4":{"start":{"line":8,"column":2},"end":{"line":8,"column":null}},"5":{"start":{"line":10,"column":31},"end":{"line":10,"column":57}},"6":{"start":{"line":12,"column":21},"end":{"line":12,"column":56}},"7":{"start":{"line":14,"column":0},"end":{"line":14,"column":null}}},"fnMap":{},"branchMap":{"0":{"loc":{"start":{"line":7,"column":0},"end":{"line":9,"column":null}},"type":"if","locations":[{"start":{"line":7,"column":0},"end":{"line":9,"column":null}}]}},"s":{"0":3,"1":3,"2":3,"3":3,"4":3,"5":3,"6":3,"7":3},"f":{},"b":{"0":[3]}}
,"/Users/jshreve/Documents/GitHub/MeetupDemo/player-service/src/players.ts": {"path":"/Users/jshreve/Documents/GitHub/MeetupDemo/player-service/src/players.ts","statementMap":{"0":{"start":{"line":1,"column":0},"end":{"line":1,"column":40}},"1":{"start":{"line":2,"column":0},"end":{"line":2,"column":120}},"2":{"start":{"line":3,"column":0},"end":{"line":3,"column":37}},"3":{"start":{"line":5,"column":26},"end":{"line":5,"column":52}},"4":{"start":{"line":8,"column":0},"end":{"line":8,"column":13}},"5":{"start":{"line":24,"column":22},"end":{"line":37,"column":1}},"6":{"start":{"line":25,"column":23},"end":{"line":29,"column":null}},"7":{"start":{"line":30,"column":33},"end":{"line":33,"column":null}},"8":{"start":{"line":34,"column":18},"end":{"line":34,"column":39}},"9":{"start":{"line":35,"column":2},"end":{"line":35,"column":null}},"10":{"start":{"line":36,"column":2},"end":{"line":36,"column":null}},"11":{"start":{"line":24,"column":13},"end":{"line":24,"column":22}},"12":{"start":{"line":39,"column":19},"end":{"line":56,"column":1}},"13":{"start":{"line":40,"column":35},"end":{"line":50,"column":null}},"14":{"start":{"line":51,"column":18},"end":{"line":51,"column":41}},"15":{"start":{"line":52,"column":35},"end":{"line":52,"column":67}},"16":{"start":{"line":53,"column":2},"end":{"line":53,"column":null}},"17":{"start":{"line":53,"column":50},"end":{"line":53,"column":null}},"18":{"start":{"line":54,"column":28},"end":{"line":54,"column":68}},"19":{"start":{"line":54,"column":53},"end":{"line":54,"column":67}},"20":{"start":{"line":55,"column":2},"end":{"line":55,"column":null}},"21":{"start":{"line":39,"column":13},"end":{"line":39,"column":19}}},"fnMap":{"0":{"name":"(anonymous_1)","decl":{"start":{"line":24,"column":22},"end":{"line":24,"column":27}},"loc":{"start":{"line":24,"column":95},"end":{"line":37,"column":1}}},"1":{"name":"(anonymous_2)","decl":{"start":{"line":39,"column":19},"end":{"line":39,"column":24}},"loc":{"start":{"line":39,"column":63},"end":{"line":56,"column":1}}},"2":{"name":"(anonymous_3)","decl":{"start":{"line":54,"column":43},"end":{"line":54,"column":44}},"loc":{"start":{"line":54,"column":53},"end":{"line":54,"column":67}}}},"branchMap":{"0":{"loc":{"start":{"line":53,"column":2},"end":{"line":53,"column":null}},"type":"if","locations":[{"start":{"line":53,"column":2},"end":{"line":53,"column":null}}]},"1":{"loc":{"start":{"line":53,"column":6},"end":{"line":53,"column":48}},"type":"binary-expr","locations":[{"start":{"line":53,"column":6},"end":{"line":53,"column":11}},{"start":{"line":53,"column":15},"end":{"line":53,"column":26}},{"start":{"line":53,"column":30},"end":{"line":53,"column":48}}]}},"s":{"0":3,"1":3,"2":3,"3":3,"4":3,"5":3,"6":1,"7":1,"8":1,"9":1,"10":1,"11":3,"12":3,"13":2,"14":2,"15":2,"16":2,"17":1,"18":1,"19":1,"20":1,"21":3},"f":{"0":1,"1":2,"2":1},"b":{"0":[1],"1":[2,2,2]}}
}
