TN:
SF:lambdas/get.ts
FN:3,(anonymous_0)
FNF:1
FNH:1
FNDA:3,(anonymous_0)
DA:1,1
DA:3,1
DA:4,3
DA:5,2
DA:6,1
LF:5
LH:5
BRDA:4,0,0,1
BRDA:5,1,0,1
BRF:2
BRH:2
end_of_record
TN:
SF:lambdas/post.ts
FN:3,(anonymous_0)
FNF:1
FNH:1
FNDA:5,(anonymous_0)
DA:1,1
DA:3,1
DA:4,5
DA:5,4
DA:6,4
DA:7,3
DA:8,2
DA:9,1
LF:8
LH:8
BRDA:4,0,0,1
BRDA:6,1,0,1
BRDA:7,2,0,1
BRDA:8,3,0,1
BRF:4
BRH:4
end_of_record
TN:
SF:src/dynamodb.ts
FNF:0
FNH:0
DA:1,3
DA:2,3
DA:4,3
DA:7,3
DA:8,3
DA:10,3
DA:12,3
DA:14,3
LF:8
LH:8
BRDA:7,0,0,3
BRF:1
BRH:1
end_of_record
TN:
SF:src/players.ts
FN:24,(anonymous_1)
FN:39,(anonymous_2)
FN:54,(anonymous_3)
FNF:3
FNH:3
FNDA:1,(anonymous_1)
FNDA:2,(anonymous_2)
FNDA:1,(anonymous_3)
DA:1,3
DA:2,3
DA:3,3
DA:5,3
DA:8,3
DA:24,3
DA:25,1
DA:30,1
DA:34,1
DA:35,1
DA:36,1
DA:39,3
DA:40,2
DA:51,2
DA:52,2
DA:53,2
DA:54,1
DA:55,1
LF:18
LH:18
BRDA:53,0,0,1
BRDA:53,1,0,2
BRDA:53,1,1,2
BRDA:53,1,2,2
BRF:4
BRH:4
end_of_record
